# JRE version: OpenJDK Runtime Environment Microsoft-8035250 (11.0.20+8) (build 11.0.20+8-LTS)
# Java VM: OpenJDK 64-Bit Server VM Microsoft-8035250 (11.0.20+8-LTS, mixed mode, tiered, compressed oops, g1 gc, windows-amd64)
Heap:
 garbage-first heap   total 386048K, used 319669K [0x0000000080000000, 0x0000000100000000)
  region size 1024K, 9 young (9216K), 3 survivors (3072K)
 Metaspace       used 113667K, capacity 120162K, committed 120272K, reserved 620544K
  class space    used 14931K, capacity 17273K, committed 17280K, reserved 516096K
GC Heap History (20 events):
Event: 485.674 GC heap before
{Heap before GC invocations=162 (full 0):
 garbage-first heap   total 386048K, used 296131K [0x0000000080000000, 0x0000000100000000)
  region size 1024K, 23 young (23552K), 3 survivors (3072K)
 Metaspace       used 112271K, capacity 118509K, committed 118864K, reserved 618496K
  class space    used 14767K, capacity 17027K, committed 17152K, reserved 516096K
}
Event: 485.782 GC heap after
{Heap after GC invocations=163 (full 0):
 garbage-first heap   total 386048K, used 282347K [0x0000000080000000, 0x0000000100000000)
  region size 1024K, 3 young (3072K), 3 survivors (3072K)
 Metaspace       used 112271K, capacity 118509K, committed 118864K, reserved 618496K
  class space    used 14767K, capacity 17027K, committed 17152K, reserved 516096K
}
Event: 491.583 GC heap before
{Heap before GC invocations=163 (full 0):
 garbage-first heap   total 386048K, used 306923K [0x0000000080000000, 0x0000000100000000)
  region size 1024K, 27 young (27648K), 3 survivors (3072K)
 Metaspace       used 112431K, capacity 118771K, committed 119120K, reserved 618496K
  class space    used 14781K, capacity 17051K, committed 17152K, reserved 516096K
}
Event: 491.796 GC heap after
{Heap after GC invocations=164 (full 0):
 garbage-first heap   total 386048K, used 291111K [0x0000000080000000, 0x0000000100000000)
  region size 1024K, 4 young (4096K), 4 survivors (4096K)
 Metaspace       used 112431K, capacity 118771K, committed 119120K, reserved 618496K
  class space    used 14781K, capacity 17051K, committed 17152K, reserved 516096K
}
Event: 510.870 GC heap before
{Heap before GC invocations=164 (full 0):
 garbage-first heap   total 386048K, used 314663K [0x0000000080000000, 0x0000000100000000)
  region size 1024K, 27 young (27648K), 4 survivors (4096K)
 Metaspace       used 112617K, capacity 119037K, committed 119120K, reserved 618496K
  class space    used 14808K, capacity 17097K, committed 17152K, reserved 516096K
}
Event: 511.701 GC heap after
{Heap after GC invocations=165 (full 0):
 garbage-first heap   total 386048K, used 299008K [0x0000000080000000, 0x0000000100000000)
  region size 1024K, 4 young (4096K), 4 survivors (4096K)
 Metaspace       used 112617K, capacity 119037K, committed 119120K, reserved 618496K
  class space    used 14808K, capacity 17097K, committed 17152K, reserved 516096K
}
Event: 658.352 GC heap before
{Heap before GC invocations=165 (full 0):
 garbage-first heap   total 386048K, used 313344K [0x0000000080000000, 0x0000000100000000)
  region size 1024K, 18 young (18432K), 4 survivors (4096K)
 Metaspace       used 113180K, capacity 119622K, committed 119760K, reserved 620544K
  class space    used 14889K, capacity 17198K, committed 17280K, reserved 516096K
}
Event: 658.822 GC heap after
{Heap after GC invocations=166 (full 0):
 garbage-first heap   total 386048K, used 301028K [0x0000000080000000, 0x0000000100000000)
  region size 1024K, 2 young (2048K), 2 survivors (2048K)
 Metaspace       used 113180K, capacity 119622K, committed 119760K, reserved 620544K
  class space    used 14889K, capacity 17198K, committed 17280K, reserved 516096K
}
Event: 669.783 GC heap before
{Heap before GC invocations=166 (full 0):
 garbage-first heap   total 386048K, used 317412K [0x0000000080000000, 0x0000000100000000)
  region size 1024K, 18 young (18432K), 2 survivors (2048K)
 Metaspace       used 113209K, capacity 119699K, committed 120016K, reserved 620544K
  class space    used 14890K, capacity 17200K, committed 17280K, reserved 516096K
}
Event: 669.843 GC heap after
{Heap after GC invocations=167 (full 0):
 garbage-first heap   total 386048K, used 303701K [0x0000000080000000, 0x0000000100000000)
  region size 1024K, 3 young (3072K), 3 survivors (3072K)
 Metaspace       used 113209K, capacity 119699K, committed 120016K, reserved 620544K
  class space    used 14890K, capacity 17200K, committed 17280K, reserved 516096K
}
Event: 674.031 GC heap before
{Heap before GC invocations=167 (full 0):
 garbage-first heap   total 386048K, used 318037K [0x0000000080000000, 0x0000000100000000)
  region size 1024K, 18 young (18432K), 3 survivors (3072K)
 Metaspace       used 113288K, capacity 119774K, committed 120016K, reserved 620544K
  class space    used 14891K, capacity 17202K, committed 17280K, reserved 516096K
}
Event: 674.049 GC heap after
{Heap after GC invocations=168 (full 0):
 garbage-first heap   total 386048K, used 304803K [0x0000000080000000, 0x0000000100000000)
  region size 1024K, 3 young (3072K), 3 survivors (3072K)
 Metaspace       used 113288K, capacity 119774K, committed 120016K, reserved 620544K
  class space    used 14891K, capacity 17202K, committed 17280K, reserved 516096K
}
Event: 676.164 GC heap before
{Heap before GC invocations=168 (full 0):
 garbage-first heap   total 386048K, used 323235K [0x0000000080000000, 0x0000000100000000)
  region size 1024K, 21 young (21504K), 3 survivors (3072K)
 Metaspace       used 113373K, capacity 119843K, committed 120016K, reserved 620544K
  class space    used 14892K, capacity 17202K, committed 17280K, reserved 516096K
}
Event: 676.191 GC heap after
{Heap after GC invocations=169 (full 0):
 garbage-first heap   total 386048K, used 307200K [0x0000000080000000, 0x0000000100000000)
  region size 1024K, 3 young (3072K), 3 survivors (3072K)
 Metaspace       used 113373K, capacity 119843K, committed 120016K, reserved 620544K
  class space    used 14892K, capacity 17202K, committed 17280K, reserved 516096K
}
Event: 740.672 GC heap before
{Heap before GC invocations=169 (full 0):
 garbage-first heap   total 386048K, used 329728K [0x0000000080000000, 0x0000000100000000)
  region size 1024K, 25 young (25600K), 3 survivors (3072K)
 Metaspace       used 113597K, capacity 120057K, committed 120272K, reserved 620544K
  class space    used 14927K, capacity 17266K, committed 17280K, reserved 516096K
}
Event: 741.054 GC heap after
{Heap after GC invocations=170 (full 0):
 garbage-first heap   total 386048K, used 309925K [0x0000000080000000, 0x0000000100000000)
  region size 1024K, 4 young (4096K), 4 survivors (4096K)
 Metaspace       used 113597K, capacity 120057K, committed 120272K, reserved 620544K
  class space    used 14927K, capacity 17266K, committed 17280K, reserved 516096K
}
Event: 756.118 GC heap before
{Heap before GC invocations=170 (full 0):
 garbage-first heap   total 386048K, used 324261K [0x0000000080000000, 0x0000000100000000)
  region size 1024K, 18 young (18432K), 4 survivors (4096K)
 Metaspace       used 113612K, capacity 120063K, committed 120272K, reserved 620544K
  class space    used 14928K, capacity 17267K, committed 17280K, reserved 516096K
}
Event: 756.557 GC heap after
{Heap after GC invocations=171 (full 0):
 garbage-first heap   total 386048K, used 311948K [0x0000000080000000, 0x0000000100000000)
  region size 1024K, 3 young (3072K), 3 survivors (3072K)
 Metaspace       used 113612K, capacity 120063K, committed 120272K, reserved 620544K
  class space    used 14928K, capacity 17267K, committed 17280K, reserved 516096K
}
Event: 759.070 GC heap before
{Heap before GC invocations=171 (full 0):
 garbage-first heap   total 386048K, used 327308K [0x0000000080000000, 0x0000000100000000)
  region size 1024K, 18 young (18432K), 3 survivors (3072K)
 Metaspace       used 113649K, capacity 120095K, committed 120272K, reserved 620544K
  class space    used 14930K, capacity 17272K, committed 17280K, reserved 516096K
}
Event: 759.088 GC heap after
{Heap after GC invocations=172 (full 0):
 garbage-first heap   total 386048K, used 314549K [0x0000000080000000, 0x0000000100000000)
  region size 1024K, 3 young (3072K), 3 survivors (3072K)
 Metaspace       used 113649K, capacity 120095K, committed 120272K, reserved 620544K
  class space    used 14930K, capacity 17272K, committed 17280K, reserved 516096K
}

