# JRE version: OpenJDK Runtime Environment Microsoft-8035250 (11.0.20+8) (build 11.0.20+8-LTS)
# Java VM: OpenJDK 64-Bit Server VM Microsoft-8035250 (11.0.20+8-LTS, mixed mode, tiered, compressed oops, g1 gc, windows-amd64)
Heap:
 garbage-first heap   total 419840K, used 298306K [0x0000000080000000, 0x0000000100000000)
  region size 1024K, 9 young (9216K), 3 survivors (3072K)
 Metaspace       used 118623K, capacity 125342K, committed 125488K, reserved 624640K
  class space    used 15544K, capacity 17933K, committed 18048K, reserved 516096K
GC Heap History (20 events):
Event: 289.539 GC heap before
{Heap before GC invocations=168 (full 0):
 garbage-first heap   total 419840K, used 377621K [0x0000000080000000, 0x0000000100000000)
  region size 1024K, 20 young (20480K), 3 survivors (3072K)
 Metaspace       used 114054K, capacity 120714K, committed 121008K, reserved 620544K
  class space    used 14964K, capacity 17356K, committed 17408K, reserved 516096K
}
Event: 289.559 GC heap after
{Heap after GC invocations=169 (full 0):
 garbage-first heap   total 419840K, used 365222K [0x0000000080000000, 0x0000000100000000)
  region size 1024K, 3 young (3072K), 3 survivors (3072K)
 Metaspace       used 114054K, capacity 120714K, committed 121008K, reserved 620544K
  class space    used 14964K, capacity 17356K, committed 17408K, reserved 516096K
}
Event: 292.822 GC heap before
{Heap before GC invocations=169 (full 0):
 garbage-first heap   total 419840K, used 381606K [0x0000000080000000, 0x0000000100000000)
  region size 1024K, 20 young (20480K), 3 survivors (3072K)
 Metaspace       used 114080K, capacity 120715K, committed 121008K, reserved 620544K
  class space    used 14965K, capacity 17356K, committed 17408K, reserved 516096K
}
Event: 292.838 GC heap after
{Heap after GC invocations=170 (full 0):
 garbage-first heap   total 419840K, used 368051K [0x0000000080000000, 0x0000000100000000)
  region size 1024K, 3 young (3072K), 3 survivors (3072K)
 Metaspace       used 114080K, capacity 120715K, committed 121008K, reserved 620544K
  class space    used 14965K, capacity 17356K, committed 17408K, reserved 516096K
}
Event: 296.354 GC heap before
{Heap before GC invocations=170 (full 0):
 garbage-first heap   total 419840K, used 384435K [0x0000000080000000, 0x0000000100000000)
  region size 1024K, 20 young (20480K), 3 survivors (3072K)
 Metaspace       used 114124K, capacity 120717K, committed 121008K, reserved 620544K
  class space    used 14965K, capacity 17356K, committed 17408K, reserved 516096K
}
Event: 296.375 GC heap after
{Heap after GC invocations=171 (full 0):
 garbage-first heap   total 419840K, used 372147K [0x0000000080000000, 0x0000000100000000)
  region size 1024K, 3 young (3072K), 3 survivors (3072K)
 Metaspace       used 114124K, capacity 120717K, committed 121008K, reserved 620544K
  class space    used 14965K, capacity 17356K, committed 17408K, reserved 516096K
}
Event: 297.303 GC heap before
{Heap before GC invocations=171 (full 0):
 garbage-first heap   total 419840K, used 389555K [0x0000000080000000, 0x0000000100000000)
  region size 1024K, 20 young (20480K), 3 survivors (3072K)
 Metaspace       used 114134K, capacity 120782K, committed 121008K, reserved 620544K
  class space    used 14965K, capacity 17356K, committed 17408K, reserved 516096K
}
Event: 297.464 GC heap after
{Heap after GC invocations=172 (full 0):
 garbage-first heap   total 419840K, used 377361K [0x0000000080000000, 0x0000000100000000)
  region size 1024K, 3 young (3072K), 3 survivors (3072K)
 Metaspace       used 114134K, capacity 120782K, committed 121008K, reserved 620544K
  class space    used 14965K, capacity 17356K, committed 17408K, reserved 516096K
}
Event: 301.029 GC heap before
{Heap before GC invocations=172 (full 0):
 garbage-first heap   total 419840K, used 394769K [0x0000000080000000, 0x0000000100000000)
  region size 1024K, 20 young (20480K), 3 survivors (3072K)
 Metaspace       used 115179K, capacity 121858K, committed 121904K, reserved 620544K
  class space    used 15117K, capacity 17520K, committed 17536K, reserved 516096K
}
Event: 301.059 GC heap after
{Heap after GC invocations=173 (full 0):
 garbage-first heap   total 419840K, used 379583K [0x0000000080000000, 0x0000000100000000)
  region size 1024K, 3 young (3072K), 3 survivors (3072K)
 Metaspace       used 115179K, capacity 121858K, committed 121904K, reserved 620544K
  class space    used 15117K, capacity 17520K, committed 17536K, reserved 516096K
}
Event: 303.172 GC heap before
{Heap before GC invocations=173 (full 0):
 garbage-first heap   total 419840K, used 384703K [0x0000000080000000, 0x0000000100000000)
  region size 1024K, 20 young (20480K), 3 survivors (3072K)
 Metaspace       used 116651K, capacity 123282K, committed 123440K, reserved 622592K
  class space    used 15358K, capacity 17752K, committed 17792K, reserved 516096K
}
Event: 303.203 GC heap after
{Heap after GC invocations=174 (full 0):
 garbage-first heap   total 419840K, used 368470K [0x0000000080000000, 0x0000000100000000)
  region size 1024K, 2 young (2048K), 2 survivors (2048K)
 Metaspace       used 116651K, capacity 123282K, committed 123440K, reserved 622592K
  class space    used 15358K, capacity 17752K, committed 17792K, reserved 516096K
}
Event: 305.600 GC heap before
{Heap before GC invocations=175 (full 0):
 garbage-first heap   total 419840K, used 385878K [0x0000000080000000, 0x0000000100000000)
  region size 1024K, 20 young (20480K), 2 survivors (2048K)
 Metaspace       used 118170K, capacity 124753K, committed 124848K, reserved 624640K
  class space    used 15519K, capacity 17895K, committed 17920K, reserved 516096K
}
Event: 305.641 GC heap after
{Heap after GC invocations=176 (full 0):
 garbage-first heap   total 419840K, used 373922K [0x0000000080000000, 0x0000000100000000)
  region size 1024K, 3 young (3072K), 3 survivors (3072K)
 Metaspace       used 118170K, capacity 124753K, committed 124848K, reserved 624640K
  class space    used 15519K, capacity 17895K, committed 17920K, reserved 516096K
}
Event: 306.805 GC heap before
{Heap before GC invocations=176 (full 0):
 garbage-first heap   total 419840K, used 391330K [0x0000000080000000, 0x0000000100000000)
  region size 1024K, 20 young (20480K), 3 survivors (3072K)
 Metaspace       used 118260K, capacity 124884K, committed 125104K, reserved 624640K
  class space    used 15522K, capacity 17895K, committed 17920K, reserved 516096K
}
Event: 306.877 GC heap after
{Heap after GC invocations=177 (full 0):
 garbage-first heap   total 419840K, used 337043K [0x0000000080000000, 0x0000000100000000)
  region size 1024K, 3 young (3072K), 3 survivors (3072K)
 Metaspace       used 118260K, capacity 124884K, committed 125104K, reserved 624640K
  class space    used 15522K, capacity 17895K, committed 17920K, reserved 516096K
}
Event: 308.067 GC heap before
{Heap before GC invocations=177 (full 0):
 garbage-first heap   total 419840K, used 353427K [0x0000000080000000, 0x0000000100000000)
  region size 1024K, 20 young (20480K), 3 survivors (3072K)
 Metaspace       used 118500K, capacity 125206K, committed 125488K, reserved 624640K
  class space    used 15543K, capacity 17933K, committed 18048K, reserved 516096K
}
Event: 308.192 GC heap after
{Heap after GC invocations=178 (full 0):
 garbage-first heap   total 419840K, used 308824K [0x0000000080000000, 0x0000000100000000)
  region size 1024K, 3 young (3072K), 3 survivors (3072K)
 Metaspace       used 118500K, capacity 125206K, committed 125488K, reserved 624640K
  class space    used 15543K, capacity 17933K, committed 18048K, reserved 516096K
}
Event: 309.372 GC heap before
{Heap before GC invocations=178 (full 0):
 garbage-first heap   total 419840K, used 326232K [0x0000000080000000, 0x0000000100000000)
  region size 1024K, 20 young (20480K), 3 survivors (3072K)
 Metaspace       used 118605K, capacity 125277K, committed 125488K, reserved 624640K
  class space    used 15544K, capacity 17933K, committed 18048K, reserved 516096K
}
Event: 309.639 GC heap after
{Heap after GC invocations=179 (full 0):
 garbage-first heap   total 419840K, used 293186K [0x0000000080000000, 0x0000000100000000)
  region size 1024K, 3 young (3072K), 3 survivors (3072K)
 Metaspace       used 118605K, capacity 125277K, committed 125488K, reserved 624640K
  class space    used 15544K, capacity 17933K, committed 18048K, reserved 516096K
}

