# JRE version: OpenJDK Runtime Environment Microsoft-8035250 (11.0.20+8) (build 11.0.20+8-LTS)
# Java VM: OpenJDK 64-Bit Server VM Microsoft-8035250 (11.0.20+8-LTS, mixed mode, tiered, compressed oops, g1 gc, windows-amd64)
Heap:
 garbage-first heap   total 57344K, used 39555K [0x0000000080000000, 0x0000000100000000)
  region size 1024K, 14 young (14336K), 3 survivors (3072K)
 Metaspace       used 41489K, capacity 42618K, committed 42672K, reserved 555008K
  class space    used 5206K, capacity 5627K, committed 5632K, reserved 516096K
GC Heap History (20 events):
Event: 11.018 GC heap before
{Heap before GC invocations=9 (full 0):
 garbage-first heap   total 57344K, used 37320K [0x0000000080000000, 0x0000000100000000)
  region size 1024K, 19 young (19456K), 2 survivors (2048K)
 Metaspace       used 25245K, capacity 25821K, committed 25904K, reserved 538624K
  class space    used 3168K, capacity 3388K, committed 3456K, reserved 516096K
}
Event: 11.025 GC heap after
{Heap after GC invocations=10 (full 0):
 garbage-first heap   total 57344K, used 20540K [0x0000000080000000, 0x0000000100000000)
  region size 1024K, 2 young (2048K), 2 survivors (2048K)
 Metaspace       used 25245K, capacity 25821K, committed 25904K, reserved 538624K
  class space    used 3168K, capacity 3388K, committed 3456K, reserved 516096K
}
Event: 11.826 GC heap before
{Heap before GC invocations=10 (full 0):
 garbage-first heap   total 57344K, used 37948K [0x0000000080000000, 0x0000000100000000)
  region size 1024K, 19 young (19456K), 2 survivors (2048K)
 Metaspace       used 27523K, capacity 28247K, committed 28336K, reserved 540672K
  class space    used 3506K, capacity 3776K, committed 3840K, reserved 516096K
}
Event: 11.830 GC heap after
{Heap after GC invocations=11 (full 0):
 garbage-first heap   total 57344K, used 21802K [0x0000000080000000, 0x0000000100000000)
  region size 1024K, 3 young (3072K), 3 survivors (3072K)
 Metaspace       used 27523K, capacity 28247K, committed 28336K, reserved 540672K
  class space    used 3506K, capacity 3776K, committed 3840K, reserved 516096K
}
Event: 12.298 GC heap before
{Heap before GC invocations=11 (full 0):
 garbage-first heap   total 57344K, used 39210K [0x0000000080000000, 0x0000000100000000)
  region size 1024K, 20 young (20480K), 3 survivors (3072K)
 Metaspace       used 28652K, capacity 29312K, committed 29488K, reserved 542720K
  class space    used 3696K, capacity 3962K, committed 3968K, reserved 516096K
}
Event: 12.302 GC heap after
{Heap after GC invocations=12 (full 0):
 garbage-first heap   total 57344K, used 21923K [0x0000000080000000, 0x0000000100000000)
  region size 1024K, 2 young (2048K), 2 survivors (2048K)
 Metaspace       used 28652K, capacity 29312K, committed 29488K, reserved 542720K
  class space    used 3696K, capacity 3962K, committed 3968K, reserved 516096K
}
Event: 12.771 GC heap before
{Heap before GC invocations=12 (full 0):
 garbage-first heap   total 57344K, used 40355K [0x0000000080000000, 0x0000000100000000)
  region size 1024K, 20 young (20480K), 2 survivors (2048K)
 Metaspace       used 30309K, capacity 31067K, committed 31408K, reserved 544768K
  class space    used 3947K, capacity 4249K, committed 4352K, reserved 516096K
}
Event: 12.774 GC heap after
{Heap after GC invocations=13 (full 0):
 garbage-first heap   total 57344K, used 22419K [0x0000000080000000, 0x0000000100000000)
  region size 1024K, 2 young (2048K), 2 survivors (2048K)
 Metaspace       used 30309K, capacity 31067K, committed 31408K, reserved 544768K
  class space    used 3947K, capacity 4249K, committed 4352K, reserved 516096K
}
Event: 13.195 GC heap before
{Heap before GC invocations=13 (full 0):
 garbage-first heap   total 57344K, used 40851K [0x0000000080000000, 0x0000000100000000)
  region size 1024K, 20 young (20480K), 2 survivors (2048K)
 Metaspace       used 32489K, capacity 33234K, committed 33456K, reserved 546816K
  class space    used 4252K, capacity 4546K, committed 4608K, reserved 516096K
}
Event: 13.198 GC heap after
{Heap after GC invocations=14 (full 0):
 garbage-first heap   total 57344K, used 22948K [0x0000000080000000, 0x0000000100000000)
  region size 1024K, 2 young (2048K), 2 survivors (2048K)
 Metaspace       used 32489K, capacity 33234K, committed 33456K, reserved 546816K
  class space    used 4252K, capacity 4546K, committed 4608K, reserved 516096K
}
Event: 13.517 GC heap before
{Heap before GC invocations=14 (full 0):
 garbage-first heap   total 57344K, used 32164K [0x0000000080000000, 0x0000000100000000)
  region size 1024K, 12 young (12288K), 2 survivors (2048K)
 Metaspace       used 35013K, capacity 35793K, committed 35920K, reserved 548864K
  class space    used 4461K, capacity 4783K, committed 4864K, reserved 516096K
}
Event: 13.524 GC heap after
{Heap after GC invocations=15 (full 0):
 garbage-first heap   total 57344K, used 24479K [0x0000000080000000, 0x0000000100000000)
  region size 1024K, 3 young (3072K), 3 survivors (3072K)
 Metaspace       used 35013K, capacity 35793K, committed 35920K, reserved 548864K
  class space    used 4461K, capacity 4783K, committed 4864K, reserved 516096K
}
Event: 14.633 GC heap before
{Heap before GC invocations=16 (full 0):
 garbage-first heap   total 57344K, used 40863K [0x0000000080000000, 0x0000000100000000)
  region size 1024K, 20 young (20480K), 3 survivors (3072K)
 Metaspace       used 37992K, capacity 38896K, committed 39216K, reserved 550912K
  class space    used 4800K, capacity 5155K, committed 5248K, reserved 516096K
}
Event: 14.668 GC heap after
{Heap after GC invocations=17 (full 0):
 garbage-first heap   total 57344K, used 26937K [0x0000000080000000, 0x0000000100000000)
  region size 1024K, 3 young (3072K), 3 survivors (3072K)
 Metaspace       used 37992K, capacity 38896K, committed 39216K, reserved 550912K
  class space    used 4800K, capacity 5155K, committed 5248K, reserved 516096K
}
Event: 15.171 GC heap before
{Heap before GC invocations=18 (full 0):
 garbage-first heap   total 57344K, used 42297K [0x0000000080000000, 0x0000000100000000)
  region size 1024K, 18 young (18432K), 3 survivors (3072K)
 Metaspace       used 38724K, capacity 39717K, committed 39856K, reserved 550912K
  class space    used 4909K, capacity 5302K, committed 5376K, reserved 516096K
}
Event: 15.177 GC heap after
{Heap after GC invocations=19 (full 0):
 garbage-first heap   total 57344K, used 27192K [0x0000000080000000, 0x0000000100000000)
  region size 1024K, 2 young (2048K), 2 survivors (2048K)
 Metaspace       used 38724K, capacity 39717K, committed 39856K, reserved 550912K
  class space    used 4909K, capacity 5302K, committed 5376K, reserved 516096K
}
Event: 16.105 GC heap before
{Heap before GC invocations=19 (full 0):
 garbage-first heap   total 57344K, used 37432K [0x0000000080000000, 0x0000000100000000)
  region size 1024K, 14 young (14336K), 2 survivors (2048K)
 Metaspace       used 39690K, capacity 40727K, committed 41008K, reserved 552960K
  class space    used 5035K, capacity 5422K, committed 5504K, reserved 516096K
}
Event: 16.110 GC heap after
{Heap after GC invocations=20 (full 0):
 garbage-first heap   total 57344K, used 28562K [0x0000000080000000, 0x0000000100000000)
  region size 1024K, 3 young (3072K), 3 survivors (3072K)
 Metaspace       used 39690K, capacity 40727K, committed 41008K, reserved 552960K
  class space    used 5035K, capacity 5422K, committed 5504K, reserved 516096K
}
Event: 17.154 GC heap before
{Heap before GC invocations=21 (full 0):
 garbage-first heap   total 57344K, used 45970K [0x0000000080000000, 0x0000000100000000)
  region size 1024K, 18 young (18432K), 3 survivors (3072K)
 Metaspace       used 40941K, capacity 41991K, committed 42032K, reserved 552960K
  class space    used 5127K, capacity 5500K, committed 5504K, reserved 516096K
}
Event: 17.161 GC heap after
{Heap after GC invocations=22 (full 0):
 garbage-first heap   total 57344K, used 29315K [0x0000000080000000, 0x0000000100000000)
  region size 1024K, 3 young (3072K), 3 survivors (3072K)
 Metaspace       used 40941K, capacity 41991K, committed 42032K, reserved 552960K
  class space    used 5127K, capacity 5500K, committed 5504K, reserved 516096K
}

