# JRE version: OpenJDK Runtime Environment Microsoft-8035250 (11.0.20+8) (build 11.0.20+8-LTS)
# Java VM: OpenJDK 64-Bit Server VM Microsoft-8035250 (11.0.20+8-LTS, mixed mode, tiered, compressed oops, g1 gc, windows-amd64)
Heap:
 garbage-first heap   total 146432K, used 91439K [0x0000000080000000, 0x0000000100000000)
  region size 1024K, 7 young (7168K), 3 survivors (3072K)
 Metaspace       used 86995K, capacity 89560K, committed 89680K, reserved 593920K
  class space    used 11220K, capacity 12265K, committed 12288K, reserved 516096K
GC Heap History (20 events):
Event: 197.725 GC heap before
{Heap before GC invocations=77 (full 0):
 garbage-first heap   total 121856K, used 94795K [0x0000000080000000, 0x0000000100000000)
  region size 1024K, 37 young (37888K), 5 survivors (5120K)
 Metaspace       used 76757K, capacity 79096K, committed 79312K, reserved 585728K
  class space    used 10042K, capacity 11013K, committed 11136K, reserved 516096K
}
Event: 197.742 GC heap after
{Heap after GC invocations=78 (full 0):
 garbage-first heap   total 121856K, used 66340K [0x0000000080000000, 0x0000000100000000)
  region size 1024K, 4 young (4096K), 4 survivors (4096K)
 Metaspace       used 76757K, capacity 79096K, committed 79312K, reserved 585728K
  class space    used 10042K, capacity 11013K, committed 11136K, reserved 516096K
}
Event: 199.713 GC heap before
{Heap before GC invocations=78 (full 0):
 garbage-first heap   total 121856K, used 98084K [0x0000000080000000, 0x0000000100000000)
  region size 1024K, 35 young (35840K), 4 survivors (4096K)
 Metaspace       used 79126K, capacity 81668K, committed 81872K, reserved 587776K
  class space    used 10329K, capacity 11354K, committed 11392K, reserved 516096K
}
Event: 199.726 GC heap after
{Heap after GC invocations=79 (full 0):
 garbage-first heap   total 146432K, used 68567K [0x0000000080000000, 0x0000000100000000)
  region size 1024K, 3 young (3072K), 3 survivors (3072K)
 Metaspace       used 79126K, capacity 81668K, committed 81872K, reserved 587776K
  class space    used 10329K, capacity 11354K, committed 11392K, reserved 516096K
}
Event: 201.292 GC heap before
{Heap before GC invocations=80 (full 0):
 garbage-first heap   total 146432K, used 83927K [0x0000000080000000, 0x0000000100000000)
  region size 1024K, 20 young (20480K), 3 survivors (3072K)
 Metaspace       used 79412K, capacity 81769K, committed 81872K, reserved 587776K
  class space    used 10338K, capacity 11318K, committed 11392K, reserved 516096K
}
Event: 201.303 GC heap after
{Heap after GC invocations=81 (full 0):
 garbage-first heap   total 146432K, used 69957K [0x0000000080000000, 0x0000000100000000)
  region size 1024K, 4 young (4096K), 4 survivors (4096K)
 Metaspace       used 79412K, capacity 81769K, committed 81872K, reserved 587776K
  class space    used 10338K, capacity 11318K, committed 11392K, reserved 516096K
}
Event: 201.852 GC heap before
{Heap before GC invocations=82 (full 0):
 garbage-first heap   total 146432K, used 73029K [0x0000000080000000, 0x0000000100000000)
  region size 1024K, 6 young (6144K), 4 survivors (4096K)
 Metaspace       used 79410K, capacity 81766K, committed 81872K, reserved 587776K
  class space    used 10337K, capacity 11317K, committed 11392K, reserved 516096K
}
Event: 201.864 GC heap after
{Heap after GC invocations=83 (full 0):
 garbage-first heap   total 146432K, used 73694K [0x0000000080000000, 0x0000000100000000)
  region size 1024K, 4 young (4096K), 4 survivors (4096K)
 Metaspace       used 79410K, capacity 81766K, committed 81872K, reserved 587776K
  class space    used 10337K, capacity 11317K, committed 11392K, reserved 516096K
}
Event: 202.154 GC heap before
{Heap before GC invocations=84 (full 0):
 garbage-first heap   total 146432K, used 75742K [0x0000000080000000, 0x0000000100000000)
  region size 1024K, 6 young (6144K), 4 survivors (4096K)
 Metaspace       used 79417K, capacity 81766K, committed 81872K, reserved 587776K
  class space    used 10337K, capacity 11317K, committed 11392K, reserved 516096K
}
Event: 202.160 GC heap after
{Heap after GC invocations=85 (full 0):
 garbage-first heap   total 146432K, used 76100K [0x0000000080000000, 0x0000000100000000)
  region size 1024K, 3 young (3072K), 3 survivors (3072K)
 Metaspace       used 79417K, capacity 81766K, committed 81872K, reserved 587776K
  class space    used 10337K, capacity 11317K, committed 11392K, reserved 516096K
}
Event: 202.460 GC heap before
{Heap before GC invocations=86 (full 0):
 garbage-first heap   total 146432K, used 81220K [0x0000000080000000, 0x0000000100000000)
  region size 1024K, 7 young (7168K), 3 survivors (3072K)
 Metaspace       used 79417K, capacity 81766K, committed 81872K, reserved 587776K
  class space    used 10337K, capacity 11317K, committed 11392K, reserved 516096K
}
Event: 202.468 GC heap after
{Heap after GC invocations=87 (full 0):
 garbage-first heap   total 146432K, used 82128K [0x0000000080000000, 0x0000000100000000)
  region size 1024K, 4 young (4096K), 4 survivors (4096K)
 Metaspace       used 79417K, capacity 81766K, committed 81872K, reserved 587776K
  class space    used 10337K, capacity 11317K, committed 11392K, reserved 516096K
}
Event: 204.498 GC heap before
{Heap before GC invocations=88 (full 0):
 garbage-first heap   total 146432K, used 102608K [0x0000000080000000, 0x0000000100000000)
  region size 1024K, 24 young (24576K), 4 survivors (4096K)
 Metaspace       used 81588K, capacity 84095K, committed 84176K, reserved 589824K
  class space    used 10605K, capacity 11622K, committed 11648K, reserved 516096K
}
Event: 204.504 GC heap after
{Heap after GC invocations=89 (full 0):
 garbage-first heap   total 146432K, used 83928K [0x0000000080000000, 0x0000000100000000)
  region size 1024K, 2 young (2048K), 2 survivors (2048K)
 Metaspace       used 81588K, capacity 84095K, committed 84176K, reserved 589824K
  class space    used 10605K, capacity 11622K, committed 11648K, reserved 516096K
}
Event: 206.984 GC heap before
{Heap before GC invocations=89 (full 0):
 garbage-first heap   total 146432K, used 105432K [0x0000000080000000, 0x0000000100000000)
  region size 1024K, 23 young (23552K), 2 survivors (2048K)
 Metaspace       used 84403K, capacity 86935K, committed 87120K, reserved 591872K
  class space    used 10912K, capacity 11971K, committed 12032K, reserved 516096K
}
Event: 206.993 GC heap after
{Heap after GC invocations=90 (full 0):
 garbage-first heap   total 146432K, used 84832K [0x0000000080000000, 0x0000000100000000)
  region size 1024K, 1 young (1024K), 1 survivors (1024K)
 Metaspace       used 84403K, capacity 86935K, committed 87120K, reserved 591872K
  class space    used 10912K, capacity 11971K, committed 12032K, reserved 516096K
}
Event: 208.163 GC heap before
{Heap before GC invocations=91 (full 0):
 garbage-first heap   total 146432K, used 89952K [0x0000000080000000, 0x0000000100000000)
  region size 1024K, 7 young (7168K), 1 survivors (1024K)
 Metaspace       used 85854K, capacity 88383K, committed 88528K, reserved 593920K
  class space    used 11063K, capacity 12134K, committed 12160K, reserved 516096K
}
Event: 208.169 GC heap after
{Heap after GC invocations=92 (full 0):
 garbage-first heap   total 146432K, used 86286K [0x0000000080000000, 0x0000000100000000)
  region size 1024K, 3 young (3072K), 3 survivors (3072K)
 Metaspace       used 85854K, capacity 88383K, committed 88528K, reserved 593920K
  class space    used 11063K, capacity 12134K, committed 12160K, reserved 516096K
}
Event: 209.143 GC heap before
{Heap before GC invocations=93 (full 0):
 garbage-first heap   total 146432K, used 112910K [0x0000000080000000, 0x0000000100000000)
  region size 1024K, 23 young (23552K), 3 survivors (3072K)
 Metaspace       used 86656K, capacity 89208K, committed 89424K, reserved 593920K
  class space    used 11184K, capacity 12233K, committed 12288K, reserved 516096K
}
Event: 209.149 GC heap after
{Heap after GC invocations=94 (full 0):
 garbage-first heap   total 146432K, used 88367K [0x0000000080000000, 0x0000000100000000)
  region size 1024K, 3 young (3072K), 3 survivors (3072K)
 Metaspace       used 86656K, capacity 89208K, committed 89424K, reserved 593920K
  class space    used 11184K, capacity 12233K, committed 12288K, reserved 516096K
}

